{"app/main/app.js":{"path":"app/main/app.js","s":{"1":1},"b":{},"f":{},"fnMap":{},"statementMap":{"1":{"start":{"line":1,"column":0},"end":{"line":1,"column":40}}},"branchMap":{}},"app/main/router.js":{"path":"app/main/router.js","s":{"1":1,"2":1,"3":1,"4":1,"5":1},"b":{},"f":{"1":1,"2":1},"fnMap":{"1":{"name":"(anonymous_1)","line":14,"loc":{"start":{"line":14,"column":15},"end":{"line":14,"column":25}}},"2":{"name":"(anonymous_2)","line":26,"loc":{"start":{"line":26,"column":11},"end":{"line":26,"column":22}}}},"statementMap":{"1":{"start":{"line":14,"column":0},"end":{"line":16,"column":3}},"2":{"start":{"line":15,"column":4},"end":{"line":15,"column":39}},"3":{"start":{"line":25,"column":0},"end":{"line":30,"column":3}},"4":{"start":{"line":27,"column":8},"end":{"line":27,"column":35}},"5":{"start":{"line":28,"column":8},"end":{"line":28,"column":41}}},"branchMap":{}},"app/common/module/login/loginController.js":{"path":"app/common/module/login/loginController.js","s":{"1":1,"2":1,"3":1,"4":0,"5":0,"6":1,"7":1,"8":0},"b":{"1":[0,1],"2":[1,1]},"f":{"1":1,"2":0,"3":0},"fnMap":{"1":{"name":"(anonymous_1)","line":5,"loc":{"start":{"line":5,"column":17},"end":{"line":5,"column":28}}},"2":{"name":"(anonymous_2)","line":19,"loc":{"start":{"line":19,"column":22},"end":{"line":19,"column":32}}},"3":{"name":"(anonymous_3)","line":22,"loc":{"start":{"line":22,"column":21},"end":{"line":22,"column":51}}}},"statementMap":{"1":{"start":{"line":1,"column":0},"end":{"line":26,"column":2}},"2":{"start":{"line":7,"column":12},"end":{"line":8,"column":49}},"3":{"start":{"line":9,"column":12},"end":{"line":17,"column":13}},"4":{"start":{"line":11,"column":16},"end":{"line":11,"column":50}},"5":{"start":{"line":12,"column":16},"end":{"line":12,"column":46}},"6":{"start":{"line":15,"column":16},"end":{"line":15,"column":56}},"7":{"start":{"line":16,"column":16},"end":{"line":16,"column":50}},"8":{"start":{"line":20,"column":12},"end":{"line":20,"column":35}}},"branchMap":{"1":{"line":9,"type":"if","locations":[{"start":{"line":9,"column":12},"end":{"line":9,"column":12}},{"start":{"line":9,"column":12},"end":{"line":9,"column":12}}]},"2":{"line":9,"type":"binary-expr","locations":[{"start":{"line":9,"column":15},"end":{"line":9,"column":39}},{"start":{"line":9,"column":43},"end":{"line":9,"column":67}}]}}}}